[28-Apr-2025 14:38:53 UTC] Starting delete_wasting.php script
[28-Apr-2025 14:38:53 UTC] POST data received: Array
(
    [wasting_id] => 1
)

[28-Apr-2025 14:38:53 UTC] Processing wasting wasting_id: 1
[28-Apr-2025 14:38:53 UTC] Database connection established successfully
[28-Apr-2025 15:42:36 UTC] Starting delete_wasting.php script
[28-Apr-2025 15:42:36 UTC] POST data received: Array
(
    [wasting_id] => 2
)

[28-Apr-2025 15:42:36 UTC] Processing wasting wasting_id: 2
[28-Apr-2025 15:42:36 UTC] Database connection established successfully
[29-Apr-2025 07:49:43 UTC] Starting delete_wasting.php script
[29-Apr-2025 07:49:43 UTC] POST data received: Array
(
    [wasting_id] => 1
)

[29-Apr-2025 07:49:43 UTC] Processing wasting wasting_id: 1
[29-Apr-2025 07:49:43 UTC] Database connection established successfully
