[28-Apr-2025 14:07:59 UTC] Starting get_draft_receipts.php script
[28-Apr-2025 14:07:59 UTC] POST data received: Array
(
    [records_per_page] => 10
)

[28-Apr-2025 14:07:59 UTC] Database connection established successfully
[28-Apr-2025 14:07:59 UTC] PHP Warning:  Trying to access array offset on false in /var/www/html/warehoause-system/Selling-System/src/api/receipts/get_draft_receipts.php on line 88
[28-Apr-2025 14:08:31 UTC] Starting get_draft_receipts.php script
[28-Apr-2025 14:08:31 UTC] POST data received: Array
(
    [records_per_page] => 10
)

[28-Apr-2025 14:08:31 UTC] Database connection established successfully
[28-Apr-2025 14:08:31 UTC] PHP Warning:  Trying to access array offset on false in /var/www/html/warehoause-system/Selling-System/src/api/receipts/get_draft_receipts.php on line 88
[28-Apr-2025 14:08:33 UTC] Starting get_draft_receipts.php script
[28-Apr-2025 14:08:33 UTC] POST data received: Array
(
    [records_per_page] => 10
)

[28-Apr-2025 14:08:33 UTC] Database connection established successfully
[28-Apr-2025 14:08:33 UTC] PHP Warning:  Trying to access array offset on false in /var/www/html/warehoause-system/Selling-System/src/api/receipts/get_draft_receipts.php on line 88
[28-Apr-2025 14:08:58 UTC] Starting get_draft_receipts.php script
[28-Apr-2025 14:08:58 UTC] POST data received: Array
(
)

[28-Apr-2025 14:08:58 UTC] Database connection established successfully
[28-Apr-2025 14:08:58 UTC] PHP Warning:  Trying to access array offset on false in /var/www/html/warehoause-system/Selling-System/src/api/receipts/get_draft_receipts.php on line 88
[28-Apr-2025 14:09:04 UTC] Starting get_draft_receipts.php script
[28-Apr-2025 14:09:04 UTC] POST data received: Array
(
)

[28-Apr-2025 14:09:04 UTC] Database connection established successfully
[28-Apr-2025 14:09:04 UTC] PHP Warning:  Trying to access array offset on false in /var/www/html/warehoause-system/Selling-System/src/api/receipts/get_draft_receipts.php on line 88
[28-Apr-2025 14:15:51 UTC] Starting get_draft_receipts.php script
[28-Apr-2025 14:15:51 UTC] POST data received: Array
(
    [records_per_page] => 10
)

[28-Apr-2025 14:15:51 UTC] Database connection established successfully
[28-Apr-2025 14:15:51 UTC] PHP Warning:  Trying to access array offset on false in /var/www/html/warehoause-system/Selling-System/src/api/receipts/get_draft_receipts.php on line 88
[28-Apr-2025 14:16:01 UTC] Starting get_draft_receipts.php script
[28-Apr-2025 14:16:01 UTC] POST data received: Array
(
    [records_per_page] => 10
)

[28-Apr-2025 14:16:01 UTC] Database connection established successfully
[28-Apr-2025 14:16:01 UTC] PHP Warning:  Trying to access array offset on false in /var/www/html/warehoause-system/Selling-System/src/api/receipts/get_draft_receipts.php on line 88
[28-Apr-2025 14:33:10 UTC] Starting get_draft_receipts.php script
[28-Apr-2025 14:33:10 UTC] POST data received: Array
(
)

[28-Apr-2025 14:33:10 UTC] Database connection established successfully
[28-Apr-2025 14:33:10 UTC] PHP Warning:  Trying to access array offset on false in /var/www/html/warehoause-system/Selling-System/src/api/receipts/get_draft_receipts.php on line 88
[28-Apr-2025 14:33:28 UTC] Starting get_draft_receipts.php script
[28-Apr-2025 14:33:28 UTC] POST data received: Array
(
    [records_per_page] => 10
)

[28-Apr-2025 14:33:28 UTC] Database connection established successfully
[28-Apr-2025 14:33:28 UTC] PHP Warning:  Trying to access array offset on false in /var/www/html/warehoause-system/Selling-System/src/api/receipts/get_draft_receipts.php on line 88
[28-Apr-2025 14:33:32 UTC] Starting get_draft_receipts.php script
[28-Apr-2025 14:33:32 UTC] POST data received: Array
(
    [records_per_page] => 10
)

[28-Apr-2025 14:33:32 UTC] Database connection established successfully
[28-Apr-2025 14:33:32 UTC] PHP Warning:  Trying to access array offset on false in /var/www/html/warehoause-system/Selling-System/src/api/receipts/get_draft_receipts.php on line 88
[28-Apr-2025 14:33:43 UTC] Starting get_draft_receipts.php script
[28-Apr-2025 14:33:43 UTC] POST data received: Array
(
    [records_per_page] => 10
)

[28-Apr-2025 14:33:43 UTC] Database connection established successfully
[28-Apr-2025 14:33:43 UTC] PHP Warning:  Trying to access array offset on false in /var/www/html/warehoause-system/Selling-System/src/api/receipts/get_draft_receipts.php on line 88
[28-Apr-2025 14:34:04 UTC] Starting get_draft_receipts.php script
[28-Apr-2025 14:34:04 UTC] POST data received: Array
(
    [records_per_page] => 10
)

[28-Apr-2025 14:34:04 UTC] Database connection established successfully
[28-Apr-2025 14:34:04 UTC] PHP Warning:  Trying to access array offset on false in /var/www/html/warehoause-system/Selling-System/src/api/receipts/get_draft_receipts.php on line 88
[28-Apr-2025 14:34:51 UTC] Starting get_draft_receipts.php script
[28-Apr-2025 14:34:51 UTC] POST data received: Array
(
    [records_per_page] => 10
)

[28-Apr-2025 14:34:51 UTC] Database connection established successfully
[28-Apr-2025 14:34:51 UTC] PHP Warning:  Trying to access array offset on false in /var/www/html/warehoause-system/Selling-System/src/api/receipts/get_draft_receipts.php on line 88
[28-Apr-2025 14:35:09 UTC] Starting get_draft_receipts.php script
[28-Apr-2025 14:35:09 UTC] POST data received: Array
(
    [records_per_page] => 10
)

[28-Apr-2025 14:35:09 UTC] Database connection established successfully
[28-Apr-2025 14:35:09 UTC] PHP Warning:  Trying to access array offset on false in /var/www/html/warehoause-system/Selling-System/src/api/receipts/get_draft_receipts.php on line 88
