[24-Apr-2025 06:28:26 Europe/Berlin] Starting get_wasting_data.php script
[24-Apr-2025 06:28:26 Europe/Berlin] POST data received: Array
(
    [start_date] => 
    [end_date] => 
    [search] => 
    [records_per_page] => 10
)

[24-Apr-2025 06:28:26 Europe/Berlin] Database connection established successfully
[24-Apr-2025 06:30:16 Europe/Berlin] Starting get_wasting_data.php script
[24-Apr-2025 06:30:16 Europe/Berlin] POST data received: Array
(
    [start_date] => 
    [end_date] => 
    [search] => 
    [records_per_page] => 10
)

[24-Apr-2025 06:30:16 Europe/Berlin] Database connection established successfully
[24-Apr-2025 06:30:27 Europe/Berlin] Starting get_wasting_data.php script
[24-Apr-2025 06:30:27 Europe/Berlin] POST data received: Array
(
)

[24-Apr-2025 06:30:27 Europe/Berlin] Database connection established successfully
[24-Apr-2025 06:33:49 Europe/Berlin] Starting get_wasting_data.php script
[24-Apr-2025 06:33:49 Europe/Berlin] POST data received: Array
(
)

[24-Apr-2025 06:33:49 Europe/Berlin] Database connection established successfully
[24-Apr-2025 06:33:49 Europe/Berlin] PHP Warning:  Undefined array key "total" in C:\xampp\htdocs\warehouse-system\Selling-System\src\api\receipts\get_wasting_data.php on line 85
[24-Apr-2025 06:34:18 Europe/Berlin] Starting get_wasting_data.php script
[24-Apr-2025 06:34:18 Europe/Berlin] POST data received: Array
(
)

[24-Apr-2025 06:34:18 Europe/Berlin] Database connection established successfully
[24-Apr-2025 06:34:18 Europe/Berlin] PHP Warning:  Undefined array key "total" in C:\xampp\htdocs\warehouse-system\Selling-System\src\api\receipts\get_wasting_data.php on line 85
[24-Apr-2025 06:34:19 Europe/Berlin] Starting get_wasting_data.php script
[24-Apr-2025 06:34:19 Europe/Berlin] POST data received: Array
(
)

[24-Apr-2025 06:34:19 Europe/Berlin] Database connection established successfully
[24-Apr-2025 06:34:19 Europe/Berlin] PHP Warning:  Undefined array key "total" in C:\xampp\htdocs\warehouse-system\Selling-System\src\api\receipts\get_wasting_data.php on line 85
[24-Apr-2025 06:34:20 Europe/Berlin] Starting get_wasting_data.php script
[24-Apr-2025 06:34:20 Europe/Berlin] POST data received: Array
(
)

[24-Apr-2025 06:34:20 Europe/Berlin] Database connection established successfully
[24-Apr-2025 06:34:20 Europe/Berlin] PHP Warning:  Undefined array key "total" in C:\xampp\htdocs\warehouse-system\Selling-System\src\api\receipts\get_wasting_data.php on line 85
[24-Apr-2025 06:34:20 Europe/Berlin] Starting get_wasting_data.php script
[24-Apr-2025 06:34:20 Europe/Berlin] POST data received: Array
(
)

[24-Apr-2025 06:34:20 Europe/Berlin] Database connection established successfully
[24-Apr-2025 06:34:20 Europe/Berlin] PHP Warning:  Undefined array key "total" in C:\xampp\htdocs\warehouse-system\Selling-System\src\api\receipts\get_wasting_data.php on line 85
[24-Apr-2025 06:34:20 Europe/Berlin] Starting get_wasting_data.php script
[24-Apr-2025 06:34:20 Europe/Berlin] POST data received: Array
(
)

[24-Apr-2025 06:34:20 Europe/Berlin] Database connection established successfully
[24-Apr-2025 06:34:20 Europe/Berlin] PHP Warning:  Undefined array key "total" in C:\xampp\htdocs\warehouse-system\Selling-System\src\api\receipts\get_wasting_data.php on line 85
[24-Apr-2025 06:34:20 Europe/Berlin] Starting get_wasting_data.php script
[24-Apr-2025 06:34:20 Europe/Berlin] POST data received: Array
(
)

[24-Apr-2025 06:34:20 Europe/Berlin] Database connection established successfully
[24-Apr-2025 06:34:20 Europe/Berlin] PHP Warning:  Undefined array key "total" in C:\xampp\htdocs\warehouse-system\Selling-System\src\api\receipts\get_wasting_data.php on line 85
[24-Apr-2025 06:34:21 Europe/Berlin] Starting get_wasting_data.php script
[24-Apr-2025 06:34:21 Europe/Berlin] POST data received: Array
(
)

[24-Apr-2025 06:34:21 Europe/Berlin] Database connection established successfully
[24-Apr-2025 06:34:21 Europe/Berlin] PHP Warning:  Undefined array key "total" in C:\xampp\htdocs\warehouse-system\Selling-System\src\api\receipts\get_wasting_data.php on line 85
[24-Apr-2025 06:34:21 Europe/Berlin] Starting get_wasting_data.php script
[24-Apr-2025 06:34:21 Europe/Berlin] POST data received: Array
(
)

[24-Apr-2025 06:34:21 Europe/Berlin] Database connection established successfully
[24-Apr-2025 06:34:21 Europe/Berlin] PHP Warning:  Undefined array key "total" in C:\xampp\htdocs\warehouse-system\Selling-System\src\api\receipts\get_wasting_data.php on line 85
[24-Apr-2025 06:34:21 Europe/Berlin] Starting get_wasting_data.php script
[24-Apr-2025 06:34:21 Europe/Berlin] POST data received: Array
(
)

[24-Apr-2025 06:34:21 Europe/Berlin] Database connection established successfully
[24-Apr-2025 06:34:21 Europe/Berlin] PHP Warning:  Undefined array key "total" in C:\xampp\htdocs\warehouse-system\Selling-System\src\api\receipts\get_wasting_data.php on line 85
[24-Apr-2025 06:34:30 Europe/Berlin] Starting get_wasting_data.php script
[24-Apr-2025 06:34:30 Europe/Berlin] POST data received: Array
(
    [start_date] => 
    [end_date] => 
    [search] => 
    [records_per_page] => 10
)

[24-Apr-2025 06:34:30 Europe/Berlin] Database connection established successfully
[24-Apr-2025 06:34:30 Europe/Berlin] PHP Warning:  Undefined array key "total" in C:\xampp\htdocs\warehouse-system\Selling-System\src\api\receipts\get_wasting_data.php on line 85
[24-Apr-2025 06:34:33 Europe/Berlin] Starting get_wasting_data.php script
[24-Apr-2025 06:34:33 Europe/Berlin] POST data received: Array
(
)

[24-Apr-2025 06:34:33 Europe/Berlin] Database connection established successfully
[24-Apr-2025 06:34:33 Europe/Berlin] PHP Warning:  Undefined array key "total" in C:\xampp\htdocs\warehouse-system\Selling-System\src\api\receipts\get_wasting_data.php on line 85
[24-Apr-2025 06:34:35 Europe/Berlin] Starting get_wasting_data.php script
[24-Apr-2025 06:34:35 Europe/Berlin] POST data received: Array
(
)

[24-Apr-2025 06:34:35 Europe/Berlin] Database connection established successfully
[24-Apr-2025 06:34:35 Europe/Berlin] PHP Warning:  Undefined array key "total" in C:\xampp\htdocs\warehouse-system\Selling-System\src\api\receipts\get_wasting_data.php on line 85
[24-Apr-2025 06:34:36 Europe/Berlin] Starting get_wasting_data.php script
[24-Apr-2025 06:34:36 Europe/Berlin] POST data received: Array
(
)

[24-Apr-2025 06:34:36 Europe/Berlin] Database connection established successfully
[24-Apr-2025 06:34:36 Europe/Berlin] PHP Warning:  Undefined array key "total" in C:\xampp\htdocs\warehouse-system\Selling-System\src\api\receipts\get_wasting_data.php on line 85
[24-Apr-2025 06:34:36 Europe/Berlin] Starting get_wasting_data.php script
[24-Apr-2025 06:34:36 Europe/Berlin] POST data received: Array
(
)

[24-Apr-2025 06:34:36 Europe/Berlin] Database connection established successfully
[24-Apr-2025 06:34:36 Europe/Berlin] PHP Warning:  Undefined array key "total" in C:\xampp\htdocs\warehouse-system\Selling-System\src\api\receipts\get_wasting_data.php on line 85
[24-Apr-2025 06:34:36 Europe/Berlin] Starting get_wasting_data.php script
[24-Apr-2025 06:34:36 Europe/Berlin] POST data received: Array
(
)

[24-Apr-2025 06:34:36 Europe/Berlin] Database connection established successfully
[24-Apr-2025 06:34:36 Europe/Berlin] PHP Warning:  Undefined array key "total" in C:\xampp\htdocs\warehouse-system\Selling-System\src\api\receipts\get_wasting_data.php on line 85
[24-Apr-2025 06:34:36 Europe/Berlin] Starting get_wasting_data.php script
[24-Apr-2025 06:34:36 Europe/Berlin] POST data received: Array
(
)

[24-Apr-2025 06:34:36 Europe/Berlin] Database connection established successfully
[24-Apr-2025 06:34:36 Europe/Berlin] PHP Warning:  Undefined array key "total" in C:\xampp\htdocs\warehouse-system\Selling-System\src\api\receipts\get_wasting_data.php on line 85
[24-Apr-2025 06:34:36 Europe/Berlin] Starting get_wasting_data.php script
[24-Apr-2025 06:34:37 Europe/Berlin] POST data received: Array
(
)

[24-Apr-2025 06:34:37 Europe/Berlin] Database connection established successfully
[24-Apr-2025 06:34:37 Europe/Berlin] PHP Warning:  Undefined array key "total" in C:\xampp\htdocs\warehouse-system\Selling-System\src\api\receipts\get_wasting_data.php on line 85
[24-Apr-2025 06:34:37 Europe/Berlin] Starting get_wasting_data.php script
[24-Apr-2025 06:34:37 Europe/Berlin] POST data received: Array
(
)

[24-Apr-2025 06:34:37 Europe/Berlin] Database connection established successfully
[24-Apr-2025 06:34:37 Europe/Berlin] PHP Warning:  Undefined array key "total" in C:\xampp\htdocs\warehouse-system\Selling-System\src\api\receipts\get_wasting_data.php on line 85
[24-Apr-2025 06:34:37 Europe/Berlin] Starting get_wasting_data.php script
[24-Apr-2025 06:34:37 Europe/Berlin] POST data received: Array
(
)

[24-Apr-2025 06:34:37 Europe/Berlin] Database connection established successfully
[24-Apr-2025 06:34:37 Europe/Berlin] PHP Warning:  Undefined array key "total" in C:\xampp\htdocs\warehouse-system\Selling-System\src\api\receipts\get_wasting_data.php on line 85
[24-Apr-2025 06:34:37 Europe/Berlin] Starting get_wasting_data.php script
[24-Apr-2025 06:34:37 Europe/Berlin] POST data received: Array
(
)

[24-Apr-2025 06:34:37 Europe/Berlin] Database connection established successfully
[24-Apr-2025 06:34:37 Europe/Berlin] PHP Warning:  Undefined array key "total" in C:\xampp\htdocs\warehouse-system\Selling-System\src\api\receipts\get_wasting_data.php on line 85
[24-Apr-2025 06:35:19 Europe/Berlin] Starting get_wasting_data.php script
[24-Apr-2025 06:35:19 Europe/Berlin] POST data received: Array
(
)

[24-Apr-2025 06:35:19 Europe/Berlin] Database connection established successfully
[24-Apr-2025 06:35:19 Europe/Berlin] PHP Warning:  Undefined array key "total" in C:\xampp\htdocs\warehouse-system\Selling-System\src\api\receipts\get_wasting_data.php on line 85
[24-Apr-2025 06:35:55 Europe/Berlin] Starting get_wasting_data.php script
[24-Apr-2025 06:35:55 Europe/Berlin] POST data received: Array
(
)

[24-Apr-2025 06:35:55 Europe/Berlin] Database connection established successfully
[24-Apr-2025 06:35:56 Europe/Berlin] Starting get_wasting_data.php script
[24-Apr-2025 06:35:56 Europe/Berlin] POST data received: Array
(
)

[24-Apr-2025 06:35:56 Europe/Berlin] Database connection established successfully
[24-Apr-2025 06:36:57 Europe/Berlin] Starting get_wasting_data.php script
[24-Apr-2025 06:36:57 Europe/Berlin] POST data received: Array
(
)

[24-Apr-2025 06:36:57 Europe/Berlin] Database connection established successfully
[24-Apr-2025 06:38:07 Europe/Berlin] Starting get_wasting_data.php script
[24-Apr-2025 06:38:07 Europe/Berlin] POST data received: Array
(
)

[24-Apr-2025 06:38:07 Europe/Berlin] Database connection established successfully
[24-Apr-2025 06:38:10 Europe/Berlin] Starting get_wasting_data.php script
[24-Apr-2025 06:38:10 Europe/Berlin] POST data received: Array
(
)

[24-Apr-2025 06:38:10 Europe/Berlin] Database connection established successfully
[24-Apr-2025 06:38:18 Europe/Berlin] Starting get_wasting_data.php script
[24-Apr-2025 06:38:18 Europe/Berlin] POST data received: Array
(
)

[24-Apr-2025 06:38:18 Europe/Berlin] Database connection established successfully
[24-Apr-2025 06:39:01 Europe/Berlin] Starting get_wasting_data.php script
[24-Apr-2025 06:39:01 Europe/Berlin] POST data received: Array
(
)

[24-Apr-2025 06:39:01 Europe/Berlin] Database connection established successfully
[24-Apr-2025 06:39:04 Europe/Berlin] Starting get_wasting_data.php script
[24-Apr-2025 06:39:04 Europe/Berlin] POST data received: Array
(
)

[24-Apr-2025 06:39:04 Europe/Berlin] Database connection established successfully
[24-Apr-2025 06:39:21 Europe/Berlin] Starting get_wasting_data.php script
[24-Apr-2025 06:39:21 Europe/Berlin] POST data received: Array
(
)

[24-Apr-2025 06:39:21 Europe/Berlin] Database connection established successfully
[24-Apr-2025 06:42:11 Europe/Berlin] Starting get_wasting_data.php script
[24-Apr-2025 06:42:11 Europe/Berlin] POST data received: Array
(
)

[24-Apr-2025 06:42:11 Europe/Berlin] Database connection established successfully
[24-Apr-2025 06:42:14 Europe/Berlin] Starting get_wasting_data.php script
[24-Apr-2025 06:42:14 Europe/Berlin] POST data received: Array
(
)

[24-Apr-2025 06:42:14 Europe/Berlin] Database connection established successfully
[24-Apr-2025 06:42:14 Europe/Berlin] Starting get_wasting_data.php script
[24-Apr-2025 06:42:14 Europe/Berlin] POST data received: Array
(
)

[24-Apr-2025 06:42:14 Europe/Berlin] Database connection established successfully
[24-Apr-2025 06:46:08 Europe/Berlin] Starting get_wasting_data.php script
[24-Apr-2025 06:46:08 Europe/Berlin] POST data received: Array
(
)

[24-Apr-2025 06:46:08 Europe/Berlin] Database connection established successfully
[24-Apr-2025 06:52:07 Europe/Berlin] Starting get_wasting_data.php script
[24-Apr-2025 06:52:07 Europe/Berlin] POST data received: Array
(
)

[24-Apr-2025 06:52:07 Europe/Berlin] Database connection established successfully
[24-Apr-2025 06:52:16 Europe/Berlin] Starting get_wasting_data.php script
[24-Apr-2025 06:52:16 Europe/Berlin] POST data received: Array
(
)

[24-Apr-2025 06:52:16 Europe/Berlin] Database connection established successfully
[24-Apr-2025 06:52:17 Europe/Berlin] Starting get_wasting_data.php script
[24-Apr-2025 06:52:17 Europe/Berlin] POST data received: Array
(
)

[24-Apr-2025 06:52:17 Europe/Berlin] Database connection established successfully
[24-Apr-2025 06:52:17 Europe/Berlin] Starting get_wasting_data.php script
[24-Apr-2025 06:52:17 Europe/Berlin] POST data received: Array
(
)

[24-Apr-2025 06:52:17 Europe/Berlin] Database connection established successfully
[24-Apr-2025 06:52:17 Europe/Berlin] Starting get_wasting_data.php script
[24-Apr-2025 06:52:17 Europe/Berlin] POST data received: Array
(
)

[24-Apr-2025 06:52:17 Europe/Berlin] Database connection established successfully
[24-Apr-2025 06:53:09 Europe/Berlin] Starting get_wasting_data.php script
[24-Apr-2025 06:53:09 Europe/Berlin] POST data received: Array
(
)

[24-Apr-2025 06:53:09 Europe/Berlin] Database connection established successfully
[24-Apr-2025 06:53:09 Europe/Berlin] Starting get_wasting_data.php script
[24-Apr-2025 06:53:09 Europe/Berlin] POST data received: Array
(
)

[24-Apr-2025 06:53:09 Europe/Berlin] Database connection established successfully
[24-Apr-2025 06:53:09 Europe/Berlin] Starting get_wasting_data.php script
[24-Apr-2025 06:53:09 Europe/Berlin] POST data received: Array
(
)

[24-Apr-2025 06:53:09 Europe/Berlin] Database connection established successfully
[24-Apr-2025 06:53:09 Europe/Berlin] Starting get_wasting_data.php script
[24-Apr-2025 06:53:09 Europe/Berlin] POST data received: Array
(
)

[24-Apr-2025 06:53:09 Europe/Berlin] Database connection established successfully
[24-Apr-2025 06:53:32 Europe/Berlin] Starting get_wasting_data.php script
[24-Apr-2025 06:53:32 Europe/Berlin] POST data received: Array
(
    [start_date] => 
    [end_date] => 
    [search] => 
    [records_per_page] => 10
)

[24-Apr-2025 06:53:32 Europe/Berlin] Database connection established successfully
[24-Apr-2025 06:53:36 Europe/Berlin] Starting get_wasting_data.php script
[24-Apr-2025 06:53:37 Europe/Berlin] POST data received: Array
(
)

[24-Apr-2025 06:53:37 Europe/Berlin] Database connection established successfully
[24-Apr-2025 06:53:48 Europe/Berlin] Starting get_wasting_data.php script
[24-Apr-2025 06:53:48 Europe/Berlin] POST data received: Array
(
)

[24-Apr-2025 06:53:48 Europe/Berlin] Database connection established successfully
[24-Apr-2025 06:54:26 Europe/Berlin] Starting get_wasting_data.php script
[24-Apr-2025 06:54:26 Europe/Berlin] POST data received: Array
(
)

[24-Apr-2025 06:54:26 Europe/Berlin] Database connection established successfully
[24-Apr-2025 06:58:22 Europe/Berlin] Starting get_wasting_data.php script
[24-Apr-2025 06:58:22 Europe/Berlin] POST data received: Array
(
)

[24-Apr-2025 06:58:22 Europe/Berlin] Database connection established successfully
[24-Apr-2025 06:58:23 Europe/Berlin] Starting get_wasting_data.php script
[24-Apr-2025 06:58:23 Europe/Berlin] POST data received: Array
(
)

[24-Apr-2025 06:58:23 Europe/Berlin] Database connection established successfully
[24-Apr-2025 08:09:09 Europe/Berlin] Starting get_wasting_data.php script
[24-Apr-2025 08:09:09 Europe/Berlin] POST data received: Array
(
)

[24-Apr-2025 08:09:09 Europe/Berlin] Database connection established successfully
[24-Apr-2025 08:38:29 Europe/Berlin] Starting get_wasting_data.php script
[24-Apr-2025 08:38:29 Europe/Berlin] POST data received: Array
(
)

[24-Apr-2025 08:38:29 Europe/Berlin] Database connection established successfully
[24-Apr-2025 08:39:10 Europe/Berlin] Starting get_wasting_data.php script
[24-Apr-2025 08:39:10 Europe/Berlin] POST data received: Array
(
)

[24-Apr-2025 08:39:10 Europe/Berlin] Database connection established successfully
[24-Apr-2025 08:45:24 Europe/Berlin] Starting get_wasting_data.php script
[24-Apr-2025 08:45:24 Europe/Berlin] POST data received: Array
(
)

[24-Apr-2025 08:45:24 Europe/Berlin] Database connection established successfully
[24-Apr-2025 08:53:00 Europe/Berlin] Starting get_wasting_data.php script
[24-Apr-2025 08:53:00 Europe/Berlin] POST data received: Array
(
)

[24-Apr-2025 08:53:00 Europe/Berlin] Database connection established successfully
[24-Apr-2025 08:54:39 Europe/Berlin] Starting get_wasting_data.php script
[24-Apr-2025 08:54:39 Europe/Berlin] POST data received: Array
(
)

[24-Apr-2025 08:54:39 Europe/Berlin] Database connection established successfully
[24-Apr-2025 08:54:44 Europe/Berlin] Starting get_wasting_data.php script
[24-Apr-2025 08:54:44 Europe/Berlin] POST data received: Array
(
    [start_date] => 
    [end_date] => 
    [search] => 
    [records_per_page] => 10
)

[24-Apr-2025 08:54:44 Europe/Berlin] Database connection established successfully
[24-Apr-2025 08:55:24 Europe/Berlin] Starting get_wasting_data.php script
[24-Apr-2025 08:55:24 Europe/Berlin] POST data received: Array
(
)

[24-Apr-2025 08:55:24 Europe/Berlin] Database connection established successfully
[24-Apr-2025 08:58:28 Europe/Berlin] Starting get_wasting_data.php script
[24-Apr-2025 08:58:28 Europe/Berlin] POST data received: Array
(
)

[24-Apr-2025 08:58:28 Europe/Berlin] Database connection established successfully
[24-Apr-2025 08:59:09 Europe/Berlin] Starting get_wasting_data.php script
[24-Apr-2025 08:59:09 Europe/Berlin] POST data received: Array
(
)

[24-Apr-2025 08:59:09 Europe/Berlin] Database connection established successfully
[24-Apr-2025 08:59:49 Europe/Berlin] Starting get_wasting_data.php script
[24-Apr-2025 08:59:49 Europe/Berlin] POST data received: Array
(
)

[24-Apr-2025 08:59:49 Europe/Berlin] Database connection established successfully
[24-Apr-2025 09:00:41 Europe/Berlin] Starting get_wasting_data.php script
[24-Apr-2025 09:00:41 Europe/Berlin] POST data received: Array
(
)

[24-Apr-2025 09:00:41 Europe/Berlin] Database connection established successfully
[24-Apr-2025 09:00:42 Europe/Berlin] Starting get_wasting_data.php script
[24-Apr-2025 09:00:42 Europe/Berlin] POST data received: Array
(
)

[24-Apr-2025 09:00:42 Europe/Berlin] Database connection established successfully
[24-Apr-2025 09:01:31 Europe/Berlin] Starting get_wasting_data.php script
[24-Apr-2025 09:01:31 Europe/Berlin] POST data received: Array
(
)

[24-Apr-2025 09:01:31 Europe/Berlin] Database connection established successfully
[24-Apr-2025 09:01:34 Europe/Berlin] Starting get_wasting_data.php script
[24-Apr-2025 09:01:34 Europe/Berlin] POST data received: Array
(
    [start_date] => 
    [end_date] => 
    [search] => 
    [records_per_page] => 10
)

[24-Apr-2025 09:01:34 Europe/Berlin] Database connection established successfully
[24-Apr-2025 09:01:39 Europe/Berlin] Starting get_wasting_data.php script
[24-Apr-2025 09:01:39 Europe/Berlin] POST data received: Array
(
)

[24-Apr-2025 09:01:39 Europe/Berlin] Database connection established successfully
[24-Apr-2025 09:02:31 Europe/Berlin] Starting get_wasting_data.php script
[24-Apr-2025 09:02:31 Europe/Berlin] POST data received: Array
(
)

[24-Apr-2025 09:02:31 Europe/Berlin] Database connection established successfully
[24-Apr-2025 09:03:17 Europe/Berlin] Starting get_wasting_data.php script
[24-Apr-2025 09:03:17 Europe/Berlin] POST data received: Array
(
)

[24-Apr-2025 09:03:17 Europe/Berlin] Database connection established successfully
[24-Apr-2025 09:06:37 Europe/Berlin] Starting get_wasting_data.php script
[24-Apr-2025 09:06:37 Europe/Berlin] POST data received: Array
(
)

[24-Apr-2025 09:06:37 Europe/Berlin] Database connection established successfully
[24-Apr-2025 09:07:06 Europe/Berlin] Starting get_wasting_data.php script
[24-Apr-2025 09:07:06 Europe/Berlin] POST data received: Array
(
    [start_date] => 
    [end_date] => 
    [search] => 
    [records_per_page] => 10
)

[24-Apr-2025 09:07:06 Europe/Berlin] Database connection established successfully
[24-Apr-2025 09:07:32 Europe/Berlin] Starting get_wasting_data.php script
[24-Apr-2025 09:07:32 Europe/Berlin] POST data received: Array
(
)

[24-Apr-2025 09:07:32 Europe/Berlin] Database connection established successfully
[24-Apr-2025 09:26:19 Europe/Berlin] Starting get_wasting_data.php script
[24-Apr-2025 09:26:19 Europe/Berlin] POST data received: Array
(
)

[24-Apr-2025 09:26:19 Europe/Berlin] Database connection established successfully
[24-Apr-2025 09:32:55 Europe/Berlin] Starting get_wasting_data.php script
[24-Apr-2025 09:32:55 Europe/Berlin] POST data received: Array
(
)

[24-Apr-2025 09:32:55 Europe/Berlin] Database connection established successfully
[24-Apr-2025 09:33:03 Europe/Berlin] Starting get_wasting_data.php script
[24-Apr-2025 09:33:03 Europe/Berlin] POST data received: Array
(
)

[24-Apr-2025 09:33:03 Europe/Berlin] Database connection established successfully
[24-Apr-2025 09:45:28 Europe/Berlin] Starting get_wasting_data.php script
[24-Apr-2025 09:45:28 Europe/Berlin] POST data received: Array
(
)

[24-Apr-2025 09:45:28 Europe/Berlin] Database connection established successfully
[24-Apr-2025 10:12:48 Europe/Berlin] Starting get_wasting_data.php script
[24-Apr-2025 10:12:48 Europe/Berlin] POST data received: Array
(
    [start_date] => 
    [end_date] => 
    [search] => 
    [records_per_page] => 10
)

[24-Apr-2025 10:12:48 Europe/Berlin] Database connection established successfully
[24-Apr-2025 10:13:16 Europe/Berlin] Starting get_wasting_data.php script
[24-Apr-2025 10:13:16 Europe/Berlin] POST data received: Array
(
    [start_date] => 
    [end_date] => 
    [search] => 
    [records_per_page] => 10
)

[24-Apr-2025 10:13:16 Europe/Berlin] Database connection established successfully
[24-Apr-2025 10:14:05 Europe/Berlin] Starting get_wasting_data.php script
[24-Apr-2025 10:14:05 Europe/Berlin] POST data received: Array
(
    [start_date] => 
    [end_date] => 
    [search] => 
    [records_per_page] => 10
)

[24-Apr-2025 10:14:05 Europe/Berlin] Database connection established successfully
[24-Apr-2025 10:14:06 Europe/Berlin] Starting get_wasting_data.php script
[24-Apr-2025 10:14:06 Europe/Berlin] POST data received: Array
(
    [start_date] => 
    [end_date] => 
    [search] => 
    [records_per_page] => 10
)

[24-Apr-2025 10:14:06 Europe/Berlin] Database connection established successfully
[24-Apr-2025 10:14:45 Europe/Berlin] Starting get_wasting_data.php script
[24-Apr-2025 10:14:45 Europe/Berlin] POST data received: Array
(
    [start_date] => 
    [end_date] => 
    [search] => 
    [records_per_page] => 10
)

[24-Apr-2025 10:14:45 Europe/Berlin] Database connection established successfully
[24-Apr-2025 10:15:48 Europe/Berlin] Starting get_wasting_data.php script
[24-Apr-2025 10:15:48 Europe/Berlin] POST data received: Array
(
    [start_date] => 
    [end_date] => 
    [search] => 
    [records_per_page] => 10
)

[24-Apr-2025 10:15:48 Europe/Berlin] Database connection established successfully
[24-Apr-2025 10:16:34 Europe/Berlin] Starting get_wasting_data.php script
[24-Apr-2025 10:16:34 Europe/Berlin] POST data received: Array
(
)

[24-Apr-2025 10:16:34 Europe/Berlin] Database connection established successfully
[24-Apr-2025 10:39:07 Europe/Berlin] Starting get_wasting_data.php script
[24-Apr-2025 10:39:07 Europe/Berlin] POST data received: Array
(
)

[24-Apr-2025 10:39:08 Europe/Berlin] Database connection established successfully
[24-Apr-2025 11:18:42 Europe/Berlin] Starting get_wasting_data.php script
[24-Apr-2025 11:18:42 Europe/Berlin] POST data received: Array
(
)

[24-Apr-2025 11:18:42 Europe/Berlin] Database connection established successfully
[24-Apr-2025 11:21:36 Europe/Berlin] Starting get_wasting_data.php script
[24-Apr-2025 11:21:36 Europe/Berlin] POST data received: Array
(
)

[24-Apr-2025 11:21:36 Europe/Berlin] Database connection established successfully
[24-Apr-2025 12:40:33 Europe/Berlin] Starting get_wasting_data.php script
[24-Apr-2025 12:40:33 Europe/Berlin] POST data received: Array
(
)

[24-Apr-2025 12:40:33 Europe/Berlin] Database connection established successfully
