[28-Apr-2025 14:37:56 UTC] Starting verify_wasting.php script
[28-Apr-2025 14:37:56 UTC] PHP Warning:  require_once(../../controllers/receipts/WastingReceiptsController.php): Failed to open stream: No such file or directory in /var/www/html/warehoause-system/Selling-System/src/api/receipts/verify_wasting.php on line 16
[28-Apr-2025 14:37:56 UTC] PHP Fatal error:  Uncaught Error: Failed opening required '../../controllers/receipts/WastingReceiptsController.php' (include_path='.:/usr/share/php') in /var/www/html/warehoause-system/Selling-System/src/api/receipts/verify_wasting.php:16
Stack trace:
#0 {main}
  thrown in /var/www/html/warehoause-system/Selling-System/src/api/receipts/verify_wasting.php on line 16
[28-Apr-2025 14:38:00 UTC] Starting verify_wasting.php script
[28-Apr-2025 14:38:00 UTC] PHP Warning:  require_once(../../controllers/receipts/WastingReceiptsController.php): Failed to open stream: No such file or directory in /var/www/html/warehoause-system/Selling-System/src/api/receipts/verify_wasting.php on line 16
[28-Apr-2025 14:38:00 UTC] PHP Fatal error:  Uncaught Error: Failed opening required '../../controllers/receipts/WastingReceiptsController.php' (include_path='.:/usr/share/php') in /var/www/html/warehoause-system/Selling-System/src/api/receipts/verify_wasting.php:16
Stack trace:
#0 {main}
  thrown in /var/www/html/warehoause-system/Selling-System/src/api/receipts/verify_wasting.php on line 16
[28-Apr-2025 14:38:53 UTC] Starting verify_wasting.php script
[28-Apr-2025 14:38:53 UTC] POST data received: Array
(
    [wasting_id] => 1
)

[28-Apr-2025 14:38:53 UTC] Database connection established successfully
[28-Apr-2025 15:42:36 UTC] Starting verify_wasting.php script
[28-Apr-2025 15:42:36 UTC] POST data received: Array
(
    [wasting_id] => 2
)

[28-Apr-2025 15:42:36 UTC] Database connection established successfully
[29-Apr-2025 07:49:42 UTC] Starting verify_wasting.php script
[29-Apr-2025 07:49:42 UTC] POST data received: Array
(
    [wasting_id] => 1
)

[29-Apr-2025 07:49:42 UTC] Database connection established successfully
